<?xml version="1.0" encoding="UTF-8"?>
<!-- Generated by org.testng.reporters.JUnitReportReporter -->
<testsuite hostname="LAPTOP-JO5RSEIK" failures="0" tests="1" name="tests.TestBase" time="0.940" errors="0" timestamp="2023-12-27T00:08:59 EET" skipped="0">
  <testcase classname="tests.TestBase" name="navigteToPetro" time="0.940"/>
  <system-out/>
</testsuite> <!-- tests.TestBase -->
