<?xml version="1.0" encoding="UTF-8"?>
<!-- Generated by org.testng.reporters.JUnitReportReporter -->
<testsuite hostname="LAPTOP-JO5RSEIK" failures="0" tests="3" name="tests.searchTest" time="2.224" errors="0" timestamp="2023-12-27T00:09:10 EET" skipped="0">
  <testcase classname="tests.searchTest" name="navigteToPetro" time="1.052"/>
  <system-out/>
  <testcase classname="tests.searchTest" name="fillForm" time="1.108"/>
  <system-out/>
  <testcase classname="tests.searchTest" name="validateTableData" time="0.064"/>
  <system-out/>
</testsuite> <!-- tests.searchTest -->
